2019-11-04 14:52:03.851 [Info] 项目配置项初始化完毕
2019-11-04 14:52:03.885 [Info] 数据库初始化成功
2019-11-04 14:56:06.189 [Info] 项目配置项初始化完毕
2019-11-04 14:56:06.223 [Info] 数据库初始化成功
2019-11-04 15:05:53.772 [Info] 项目配置项初始化完毕
2019-11-04 15:05:53.803 [Info] 数据库初始化成功
2019-11-04 15:24:02.01 [Info] 项目配置项初始化完毕
2019-11-04 15:24:02.056 [Info] 数据库初始化成功
2019-11-04 15:24:12.94 [Info] 查询用户列表失败！
2019-11-04 15:25:26.988 [Info] 查询用户列表失败！
2019-11-04 15:25:43.574 [Info] 项目配置项初始化完毕
2019-11-04 15:25:43.607 [Info] 数据库初始化成功
2019-11-04 15:25:46.434 [Info] 查询用户列表失败！错误：sql: expected 12 destination arguments in Scan, not 9
2019-11-04 15:26:44.181 [Info] 项目配置项初始化完毕
2019-11-04 15:26:44.225 [Info] 数据库初始化成功
2019-11-04 15:26:58.555 [Info] 项目配置项初始化完毕
2019-11-04 15:26:58.594 [Info] 数据库初始化成功
2019-11-04 15:27:22.658 [Info] 项目配置项初始化完毕
2019-11-04 15:27:22.689 [Info] 数据库初始化成功
2019-11-04 15:27:29.014 [Info] 查询用户列表失败！错误：sql: expected 12 destination arguments in Scan, not 11
2019-11-04 15:29:01.357 [Info] 项目配置项初始化完毕
2019-11-04 15:29:01.387 [Info] 数据库初始化成功
2019-11-04 15:29:05.171 [Info] 查询用户列表失败！错误：sql: Scan error on column index 3, name "Score": converting driver.Value type []uint8 ("0.00") to a int: invalid syntax
2019-11-04 15:30:45.176 [Info] 项目配置项初始化完毕
2019-11-04 15:30:45.208 [Info] 数据库初始化成功
2019-11-04 15:30:48.606 [Info] 查询用户列表失败！错误：sql: Scan error on column index 2, name "Accounts": converting driver.Value type string ("游客8374436") to a int: invalid syntax
2019-11-04 15:31:19.269 [Info] 项目配置项初始化完毕
2019-11-04 15:31:19.298 [Info] 数据库初始化成功
2019-11-04 15:34:57.721 [Info] 项目配置项初始化完毕
2019-11-04 15:34:57.751 [Info] 数据库初始化成功
2019-11-04 15:37:49.564 [Info] 项目配置项初始化完毕
2019-11-04 15:37:49.594 [Info] 数据库初始化成功
2019-11-04 15:40:27.416 [Info] 项目配置项初始化完毕
2019-11-04 15:40:27.447 [Info] 数据库初始化成功
2019-11-04 15:41:27.654 [Info] 项目配置项初始化完毕
2019-11-04 15:41:27.686 [Info] 数据库初始化成功
2019-11-04 15:45:38.374 [Info] 项目配置项初始化完毕
2019-11-04 15:45:38.406 [Info] 数据库初始化成功
2019-11-04 15:46:25.414 [Info] 项目配置项初始化完毕
2019-11-04 15:46:25.446 [Info] 数据库初始化成功
2019-11-04 17:35:49.804 [Info] 项目配置项初始化完毕
2019-11-04 17:35:49.832 [Info] 数据库初始化成功
2019-11-04 17:35:51.177 [Info] 查询用户失败！错误：mssql: 从数据类型 nvarchar 转换为 bigint 时出错。
2019-11-04 17:42:36.131 [Info] 项目配置项初始化完毕
2019-11-04 17:42:36.162 [Info] 数据库初始化成功
2019-11-04 17:42:38.252 [Info] 查询参数失败GameID:mssql: 从数据类型 nvarchar 转换为 bigint 时出错。!
2019-11-04 17:44:17.614 [Info] 项目配置项初始化完毕
2019-11-04 17:44:17.646 [Info] 数据库初始化成功
2019-11-04 17:44:19.274 [Info] 查询玩家失败GameID:mssql: 从数据类型 nvarchar 转换为 bigint 时出错。!
2019-11-04 17:46:16.177 [Info] 项目配置项初始化完毕
2019-11-04 17:46:16.208 [Info] 数据库初始化成功
2019-11-04 17:46:24.696 [Info] 查询玩家失败GameID:sql: expected 1 arguments, got 3!
2019-11-04 17:46:44.756 [Info] 项目配置项初始化完毕
2019-11-04 17:46:44.792 [Info] 数据库初始化成功
2019-11-04 17:47:23.337 [Info] 项目配置项初始化完毕
2019-11-04 17:47:23.368 [Info] 数据库初始化成功
2019-11-04 17:48:01.081 [Info] 项目配置项初始化完毕
2019-11-04 17:48:01.113 [Info] 数据库初始化成功
2019-11-04 17:49:06.763 [Info] 查询玩家失败GameID:mssql: 从数据类型 nvarchar 转换为 bigint 时出错。!
2019-11-04 17:52:03.205 [Info] 项目配置项初始化完毕
2019-11-04 17:52:03.235 [Info] 数据库初始化成功
2019-11-04 18:09:17.051 [Info] 项目配置项初始化完毕
2019-11-04 18:09:17.08 [Info] 数据库初始化成功
2019-11-04 19:20:49.3 [Info] 项目配置项初始化完毕
2019-11-04 19:20:49.331 [Info] 数据库初始化成功
2019-11-04 19:21:54.878 [Info] 项目配置项初始化完毕
2019-11-04 19:21:54.909 [Info] 数据库初始化成功
2019-11-04 19:22:37.777 [Info] 项目配置项初始化完毕
2019-11-04 19:22:37.807 [Info] 数据库初始化成功
2019-11-04 19:23:15.015 [Info] 项目配置项初始化完毕
2019-11-04 19:23:15.046 [Info] 数据库初始化成功
2019-11-04 19:23:37.276 [Info] 项目配置项初始化完毕
2019-11-04 19:23:37.306 [Info] 数据库初始化成功
2019-11-04 19:29:13.648 [Info] 项目配置项初始化完毕
2019-11-04 19:29:13.681 [Info] 数据库初始化成功
2019-11-04 19:35:18.591 [Info] 项目配置项初始化完毕
2019-11-04 19:35:18.621 [Info] 数据库初始化成功
