2019-11-01 17:16:49.059 [Info] Failed to parse config file: open ./ /app.ini: The system cannot find the path specified.
2019-11-01 18:00:10.246 [Info] 项目配置项初始化完毕
2019-11-01 19:30:49.675 [Info] 项目配置项初始化完毕
2019-11-01 19:30:49.689 [Info] 数据库RYAccountsDB连接失败:Login error: mssql: 无法打开登录所请求的数据库 "RYAccountsDB"。请改用用户默认的数据库"master"。
2019-11-01 19:31:57.674 [Info] 项目配置项初始化完毕
2019-11-01 20:25:37.559 [Info] 项目配置项初始化完毕
2019-11-01 20:25:37.591 [Info] 数据库初始化成功
2019-11-01 20:30:04.126 [Info] 登录参数错误!
2019-11-01 20:31:06.597 [Info] 登录参数错误!
2019-11-01 20:31:34.343 [Info] 登录参数错误!
2019-11-01 20:32:11.617 [Info] 登录参数错误!
2019-11-01 20:33:44.653 [Info] 项目配置项初始化完毕
2019-11-01 20:33:44.69 [Info] 数据库初始化成功
2019-11-01 20:33:49.322 [Info] 登录参数错误!
2019-11-01 20:38:45.928 [Info] 项目配置项初始化完毕
2019-11-01 20:38:45.959 [Info] 数据库初始化成功
2019-11-01 20:38:50.074 [Info] 查无此人!
2019-11-01 20:47:51.802 [Info] 项目配置项初始化完毕
2019-11-01 20:47:51.834 [Info] 数据库初始化成功
2019-11-01 20:48:37.526 [Info] 项目配置项初始化完毕
2019-11-01 20:48:37.562 [Info] 数据库初始化成功
